[2025-04-22 06:31:16] merlin-logger.DEBUG: The welcome step has been displayed [] []
[2025-04-22 06:31:19] merlin-logger.DEBUG: The license activation step has been displayed [] []
[2025-04-22 06:31:20] merlin-logger.DEBUG: The plugin installation step has been displayed [] []
[2025-04-22 06:31:26] merlin-logger.DEBUG: A plugin with the following data will be processed {"plugin_slug":"hub-core","message":"Installing"} []
[2025-04-22 06:32:08] merlin-logger.DEBUG: A plugin with the following data will be processed {"plugin_slug":"hub-core","message":"Activating"} []
[2025-04-22 06:32:09] merlin-logger.DEBUG: A plugin with the following data was processed {"plugin_slug":"hub-core"} []
[2025-04-22 06:32:09] merlin-logger.DEBUG: A plugin with the following data will be processed {"plugin_slug":"hub-portfolio","message":"Installing"} []
[2025-04-22 06:32:11] merlin-logger.DEBUG: A plugin with the following data will be processed {"plugin_slug":"hub-portfolio","message":"Activating"} []
[2025-04-22 06:32:11] merlin-logger.DEBUG: A plugin with the following data was processed {"plugin_slug":"hub-portfolio"} []
[2025-04-22 06:32:13] merlin-logger.DEBUG: A plugin with the following data will be processed {"plugin_slug":"elementor","message":"Installing"} []
[2025-04-22 06:32:44] merlin-logger.DEBUG: A plugin with the following data will be processed {"plugin_slug":"elementor","message":"Activating"} []
[2025-04-22 06:32:46] merlin-logger.DEBUG: A plugin with the following data was processed {"plugin_slug":"elementor"} []
[2025-04-22 06:32:46] merlin-logger.DEBUG: A plugin with the following data will be processed {"plugin_slug":"hub-elementor-addons","message":"Installing"} []
[2025-04-22 06:33:00] merlin-logger.DEBUG: A plugin with the following data will be processed {"plugin_slug":"hub-elementor-addons","message":"Activating"} []
[2025-04-22 06:33:01] merlin-logger.DEBUG: A plugin with the following data was processed {"plugin_slug":"hub-elementor-addons"} []
[2025-04-22 06:33:01] merlin-logger.DEBUG: A plugin with the following data will be processed {"plugin_slug":"hub-booking","message":"Installing"} []
[2025-04-22 06:33:05] merlin-logger.DEBUG: A plugin with the following data will be processed {"plugin_slug":"hub-booking","message":"Activating"} []
[2025-04-22 06:33:07] merlin-logger.DEBUG: A plugin with the following data was processed {"plugin_slug":"hub-booking"} []
[2025-04-22 06:33:07] merlin-logger.DEBUG: A plugin with the following data will be processed {"plugin_slug":"liquid-gdpr","message":"Installing"} []
[2025-04-22 06:33:09] merlin-logger.DEBUG: A plugin with the following data will be processed {"plugin_slug":"liquid-gdpr","message":"Activating"} []
[2025-04-22 06:33:11] merlin-logger.DEBUG: A plugin with the following data was processed {"plugin_slug":"liquid-gdpr"} []
[2025-04-22 06:33:11] merlin-logger.DEBUG: A plugin with the following data will be processed {"plugin_slug":"revslider","message":"Installing"} []
[2025-04-22 06:33:31] merlin-logger.DEBUG: A plugin with the following data will be processed {"plugin_slug":"revslider","message":"Activating"} []
[2025-04-22 06:33:43] merlin-logger.DEBUG: A plugin with the following data was processed {"plugin_slug":"revslider"} []
[2025-04-22 06:33:50] merlin-logger.DEBUG: A plugin with the following data was processed {"plugin_slug":"revslider"} []
[2025-04-22 06:33:50] merlin-logger.DEBUG: A plugin with the following data will be processed {"plugin_slug":"contact-form-7","message":"Installing"} []
[2025-04-22 06:34:00] merlin-logger.DEBUG: A plugin with the following data will be processed {"plugin_slug":"contact-form-7","message":"Activating"} []
[2025-04-22 06:34:01] merlin-logger.DEBUG: A plugin with the following data was processed {"plugin_slug":"contact-form-7"} []
[2025-04-22 06:34:02] merlin-logger.DEBUG: A plugin with the following data will be processed {"plugin_slug":"woocommerce","message":"Installing"} []
[2025-04-22 06:35:24] merlin-logger.DEBUG: A plugin with the following data will be processed {"plugin_slug":"woocommerce","message":"Activating"} []
[2025-04-22 06:35:40] merlin-logger.DEBUG: A plugin with the following data was processed {"plugin_slug":"woocommerce"} []
[2025-04-22 06:35:41] merlin-logger.DEBUG: A plugin with the following data will be processed {"plugin_slug":"wp-bottom-menu","message":"Installing"} []
[2025-04-22 06:35:56] merlin-logger.DEBUG: A plugin with the following data will be processed {"plugin_slug":"wp-bottom-menu","message":"Activating"} []
[2025-04-22 06:36:02] merlin-logger.DEBUG: A plugin with the following data was processed {"plugin_slug":"wp-bottom-menu"} []
[2025-04-22 06:36:06] merlin-logger.DEBUG: The content import step has been displayed [] []
[2025-04-22 06:36:42] merlin-logger.DEBUG: The Hello world post status was set to draft [] []
[2025-04-22 06:36:51] merlin-logger.DEBUG: The Hello world post status was set to draft [] []
[2025-04-22 06:40:40] merlin-logger.DEBUG: The final step has been displayed [] []
